<?xml version="1.0" encoding="UTF-8"?>
<testng-results skipped="0" failed="1" ignored="0" total="3" passed="2">
  <reporter-output>
  </reporter-output>
  <suite name="Suite" duration-ms="29143" started-at="2024-09-16T17:45:09Z" finished-at="2024-09-16T17:45:39Z">
    <groups>
    </groups>
    <test name="Test" duration-ms="29143" started-at="2024-09-16T17:45:09Z" finished-at="2024-09-16T17:45:39Z">
      <class name="testNg.Login">
        <test-method status="PASS" signature="launchreport()[pri:0, instance:testNg.Login@29a0cdb]" name="launchreport" is-config="true" duration-ms="332" started-at="2024-09-16T17:45:09Z" finished-at="2024-09-16T17:45:09Z">
          <reporter-output>
          </reporter-output>
        </test-method> <!-- launchreport -->
        <test-method status="PASS" signature="LaunchBrowser()[pri:0, instance:testNg.Login@29a0cdb]" name="LaunchBrowser" is-config="true" duration-ms="7590" started-at="2024-09-16T17:45:09Z" finished-at="2024-09-16T17:45:17Z">
          <reporter-output>
          </reporter-output>
        </test-method> <!-- LaunchBrowser -->
        <test-method status="PASS" signature="testmain()[pri:1, instance:testNg.Login@29a0cdb]" name="testmain" duration-ms="5821" started-at="2024-09-16T17:45:23Z" finished-at="2024-09-16T17:45:29Z">
          <reporter-output>
          </reporter-output>
        </test-method> <!-- testmain -->
        <test-method status="PASS" signature="stat(org.testng.ITestResult)[pri:0, instance:testNg.Login@29a0cdb]" name="stat" is-config="true" duration-ms="16" started-at="2024-09-16T17:45:29Z" finished-at="2024-09-16T17:45:29Z">
          <params>
            <param index="0">
              <value>
                <![CDATA[[TestResult name=testmain status=SUCCESS method=Login.testmain()[pri:1, instance:testNg.Login@29a0cdb] output={null}]]]>
              </value>
            </param>
          </params>
          <reporter-output>
          </reporter-output>
        </test-method> <!-- stat -->
        <test-method status="PASS" signature="createLead()[pri:2, instance:testNg.Login@29a0cdb]" name="createLead" duration-ms="9771" started-at="2024-09-16T17:45:29Z" finished-at="2024-09-16T17:45:39Z">
          <reporter-output>
          </reporter-output>
        </test-method> <!-- createLead -->
        <test-method status="PASS" signature="stat(org.testng.ITestResult)[pri:0, instance:testNg.Login@29a0cdb]" name="stat" is-config="true" duration-ms="1" started-at="2024-09-16T17:45:39Z" finished-at="2024-09-16T17:45:39Z">
          <params>
            <param index="0">
              <value>
                <![CDATA[[TestResult name=createLead status=SUCCESS method=Login.createLead()[pri:2, instance:testNg.Login@29a0cdb] output={null}]]]>
              </value>
            </param>
          </params>
          <reporter-output>
          </reporter-output>
        </test-method> <!-- stat -->
        <test-method status="PASS" signature="savereport()[pri:0, instance:testNg.Login@29a0cdb]" name="savereport" is-config="true" duration-ms="464" started-at="2024-09-16T17:45:39Z" finished-at="2024-09-16T17:45:39Z">
          <reporter-output>
          </reporter-output>
        </test-method> <!-- savereport -->
      </class> <!-- testNg.Login -->
      <class name="testNg.WebTable">
        <test-method status="FAIL" signature="DynamicWebTable()[pri:0, instance:testNg.WebTable@32a68f4f]" name="DynamicWebTable" duration-ms="5763" started-at="2024-09-16T17:45:17Z" finished-at="2024-09-16T17:45:23Z">
          <exception class="org.openqa.selenium.SessionNotCreatedException">
            <message>
              <![CDATA[Could not start a new session. Response code 500. Message: Failed to decode response from marionette 
Host info: host: 'GOWTHAM_S', ip: '192.168.175.52'
Build info: version: '4.11.0', revision: '040bc5406b'
System info: os.name: 'Windows 11', os.arch: 'amd64', os.version: '10.0', java.version: '1.8.0_421'
Driver info: org.openqa.selenium.firefox.FirefoxDriver
Command: [null, newSession {capabilities=[Capabilities {acceptInsecureCerts: true, browserName: firefox, moz:debuggerAddress: true, moz:firefoxOptions: {binary: C:\Program Files\Mozilla Fi...}}]}]]]>
            </message>
            <full-stacktrace>
              <![CDATA[org.openqa.selenium.SessionNotCreatedException: Could not start a new session. Response code 500. Message: Failed to decode response from marionette 
Host info: host: 'GOWTHAM_S', ip: '192.168.175.52'
Build info: version: '4.11.0', revision: '040bc5406b'
System info: os.name: 'Windows 11', os.arch: 'amd64', os.version: '10.0', java.version: '1.8.0_421'
Driver info: org.openqa.selenium.firefox.FirefoxDriver
Command: [null, newSession {capabilities=[Capabilities {acceptInsecureCerts: true, browserName: firefox, moz:debuggerAddress: true, moz:firefoxOptions: {binary: C:\Program Files\Mozilla Fi...}}]}]
at org.openqa.selenium.remote.ProtocolHandshake.createSession(ProtocolHandshake.java:140)
at org.openqa.selenium.remote.ProtocolHandshake.createSession(ProtocolHandshake.java:96)
at org.openqa.selenium.remote.ProtocolHandshake.createSession(ProtocolHandshake.java:68)
at org.openqa.selenium.remote.HttpCommandExecutor.execute(HttpCommandExecutor.java:163)
at org.openqa.selenium.remote.service.DriverCommandExecutor.invokeExecute(DriverCommandExecutor.java:196)
at org.openqa.selenium.remote.service.DriverCommandExecutor.execute(DriverCommandExecutor.java:171)
at org.openqa.selenium.remote.RemoteWebDriver.execute(RemoteWebDriver.java:518)
at org.openqa.selenium.remote.RemoteWebDriver.startSession(RemoteWebDriver.java:232)
at org.openqa.selenium.remote.RemoteWebDriver.<init>(RemoteWebDriver.java:159)
at org.openqa.selenium.firefox.FirefoxDriver.<init>(FirefoxDriver.java:156)
at org.openqa.selenium.firefox.FirefoxDriver.<init>(FirefoxDriver.java:151)
at org.openqa.selenium.firefox.FirefoxDriver.<init>(FirefoxDriver.java:132)
at org.openqa.selenium.firefox.FirefoxDriver.<init>(FirefoxDriver.java:127)
at org.openqa.selenium.firefox.FirefoxDriver.<init>(FirefoxDriver.java:112)
at org.openqa.selenium.firefox.FirefoxDriver.<init>(FirefoxDriver.java:102)
at testNg.WebTable.DynamicWebTable(WebTable.java:21)
at sun.reflect.NativeMethodAccessorImpl.invoke0(Native Method)
at sun.reflect.NativeMethodAccessorImpl.invoke(Unknown Source)
at sun.reflect.DelegatingMethodAccessorImpl.invoke(Unknown Source)
at java.lang.reflect.Method.invoke(Unknown Source)
at org.testng.internal.MethodInvocationHelper.invokeMethod(MethodInvocationHelper.java:124)
at org.testng.internal.Invoker.invokeMethod(Invoker.java:580)
at org.testng.internal.Invoker.invokeTestMethod(Invoker.java:716)
at org.testng.internal.Invoker.invokeTestMethods(Invoker.java:988)
at org.testng.internal.TestMethodWorker.invokeTestMethods(TestMethodWorker.java:125)
at org.testng.internal.TestMethodWorker.run(TestMethodWorker.java:109)
at org.testng.TestRunner.privateRun(TestRunner.java:648)
at org.testng.TestRunner.run(TestRunner.java:505)
at org.testng.SuiteRunner.runTest(SuiteRunner.java:455)
at org.testng.SuiteRunner.runSequentially(SuiteRunner.java:450)
at org.testng.SuiteRunner.privateRun(SuiteRunner.java:415)
at org.testng.SuiteRunner.run(SuiteRunner.java:364)
at org.testng.SuiteRunnerWorker.runSuite(SuiteRunnerWorker.java:52)
at org.testng.SuiteRunnerWorker.run(SuiteRunnerWorker.java:84)
at org.testng.TestNG.runSuitesSequentially(TestNG.java:1208)
at org.testng.TestNG.runSuitesLocally(TestNG.java:1137)
at org.testng.TestNG.runSuites(TestNG.java:1049)
at org.testng.TestNG.run(TestNG.java:1017)
at org.testng.remote.AbstractRemoteTestNG.run(AbstractRemoteTestNG.java:115)
at org.testng.remote.RemoteTestNG.initAndRun(RemoteTestNG.java:251)
at org.testng.remote.RemoteTestNG.main(RemoteTestNG.java:77)
]]>
            </full-stacktrace>
          </exception> <!-- org.openqa.selenium.SessionNotCreatedException -->
          <reporter-output>
          </reporter-output>
        </test-method> <!-- DynamicWebTable -->
      </class> <!-- testNg.WebTable -->
    </test> <!-- Test -->
  </suite> <!-- Suite -->
</testng-results>
